<?xml version="1.0" encoding="UTF-8"?>
<!-- Generated by org.testng.reporters.JUnitReportReporter -->
<testsuite hostname="VPESARUs-MBP.hsd1.or.comcast.net" failures="0" tests="2" name="com.amazon.api.tests.TestGetEmployee_Examples" time="3.108" errors="0" timestamp="2021-03-09T18:17:19 PST" skipped="0">
  <testcase classname="com.amazon.api.tests.TestGetEmployee_Examples" name="getStatusCodeForAllEmployees" time="2.129"/>
  <system-out/>
  <testcase classname="com.amazon.api.tests.TestGetEmployee_Examples" name="getStatusCodeForSingleEmployee" time="0.979"/>
  <system-out/>
</testsuite> <!-- com.amazon.api.tests.TestGetEmployee_Examples -->
