<?xml version="1.0" encoding="UTF-8"?>
<!-- Generated by org.testng.reporters.JUnitReportReporter -->
<testsuite hostname="VPESARUs-MBP.hsd1.or.comcast.net" failures="0" tests="2" name="com.amazon.api.tests.TestGetSingleEmployee" time="4.366" errors="0" timestamp="2021-03-09T14:32:57 PST" skipped="0">
  <testcase classname="com.amazon.api.tests.TestGetSingleEmployee" name="getStatusCodeForSingleEmployee" time="0.808"/>
  <system-out/>
  <testcase classname="com.amazon.api.tests.TestGetSingleEmployee" name="getStatusCodeForAllEmployees" time="3.558"/>
  <system-out/>
</testsuite> <!-- com.amazon.api.tests.TestGetSingleEmployee -->
