<?xml version="1.0" encoding="UTF-8"?>
<!-- Generated by org.testng.reporters.JUnitReportReporter -->
<testsuite hostname="VPESARUs-MBP.hsd1.or.comcast.net" failures="0" tests="1" name="com.amazon.api.tests.TestDeleteEmployee" time="4.568" errors="0" timestamp="2021-03-09T18:15:04 PST" skipped="0">
  <testcase classname="com.amazon.api.tests.TestDeleteEmployee" name="getStatusCode" time="4.568"/>
  <system-out/>
</testsuite> <!-- com.amazon.api.tests.TestDeleteEmployee -->
